<?xml version="1.0" encoding="UTF-8"?>
<!-- Generated by org.testng.reporters.JUnitReportReporter -->
<testsuite hostname="COMV-9549" failures="0" tests="6" name="day45.ParamTest" time="6.336" errors="0" timestamp="2024-12-12T18:57:18 IST" skipped="0">
  <testcase classname="day45.ParamTest" name="testLogo" time="3.132"/>
  <testcase classname="day45.ParamTest" name="testLogo" time="3.078"/>
  <testcase classname="day45.ParamTest" name="testTitle" time="0.046"/>
  <testcase classname="day45.ParamTest" name="testTitle" time="0.027"/>
  <testcase classname="day45.ParamTest" name="testURL" time="0.026"/>
  <testcase classname="day45.ParamTest" name="testURL" time="0.027"/>
</testsuite> <!-- day45.ParamTest -->
