<?xml version="1.0" encoding="UTF-8"?>
<!-- Generated by org.testng.reporters.JUnitReportReporter -->
<testsuite hostname="COMV-9549" failures="0" tests="1" name="day47.LogInTest" time="2.688" errors="0" timestamp="2024-12-11T18:40:14 IST" skipped="0">
  <testcase classname="day47.LogInTest" name="testLogin" time="2.688"/>
</testsuite> <!-- day47.LogInTest -->
