<?xml version="1.0" encoding="UTF-8"?>
<!-- Generated by org.testng.reporters.JUnitReportReporter -->
<testsuite hostname="COMV-9549" failures="0" tests="3" name="day42.FirstTestCase" time="0.012" errors="0" timestamp="2024-11-09T20:22:42 IST" skipped="0">
  <testcase classname="day42.FirstTestCase" name="loginApp" time="0.009"/>
  <testcase classname="day42.FirstTestCase" name="openApp" time="0.002"/>
  <testcase classname="day42.FirstTestCase" name="logoutApp" time="0.001"/>
</testsuite> <!-- day42.FirstTestCase -->
